[21:57:08] [Client thread/ERROR]: Can't find the resource index file: assets\indexes\1.8.json
[21:57:08] [Client thread/INFO]: Setting user: irisia749
[21:57:08] [Client thread/INFO]: (Session ID is token:0:irisia749)
[21:57:09] [Client thread/INFO]: [OptiFine] *** Reflector Forge ***
[21:57:09] [Client thread/INFO]: [OptiFine] *** Reflector Vanilla ***
[21:57:09] [Client thread/INFO]: [OptiFine] (Reflector) Class not present: net.minecraftforge.fml.common.eventhandler.Event$Result
[21:57:09] [Client thread/INFO]: [OptiFine] (Reflector) Class not present: net.minecraft.launchwrapper.Launch
[21:57:09] [Client thread/INFO]: LWJGL Version: 2.9.4
[21:57:09] [Client thread/INFO]: [OptiFine] 
[21:57:09] [Client thread/INFO]: [OptiFine] OptiFine_1.8.9_HD_U_M6_pre2
[21:57:09] [Client thread/INFO]: [OptiFine] Build: null
[21:57:09] [Client thread/INFO]: [OptiFine] OS: Windows 10 (x86) version 10.0
[21:57:09] [Client thread/INFO]: [OptiFine] Java: 1.8.0_202, Oracle Corporation
[21:57:09] [Client thread/INFO]: [OptiFine] VM: Java HotSpot(TM) Client VM (mixed mode), Oracle Corporation
[21:57:09] [Client thread/INFO]: [OptiFine] LWJGL: 2.9.4
[21:57:09] [Client thread/INFO]: [OptiFine] OpenGL: NVIDIA GeForce RTX 4060/PCIe/SSE2, version 4.6.0 NVIDIA 566.36, NVIDIA Corporation
[21:57:09] [Client thread/INFO]: [OptiFine] OpenGL Version: 4.6.0
[21:57:09] [Client thread/INFO]: [OptiFine] Maximum texture size: 32768x32768
[21:57:09] [VersionCheck/INFO]: [OptiFine] Checking for new version
[21:57:09] [Client thread/INFO]: [Shaders] OpenGL Version: 4.6.0 NVIDIA 566.36
[21:57:09] [Client thread/INFO]: [Shaders] Vendor:  NVIDIA Corporation
[21:57:09] [Client thread/INFO]: [Shaders] Renderer: NVIDIA GeForce RTX 4060/PCIe/SSE2
[21:57:09] [Client thread/INFO]: [Shaders] Capabilities:  2.0  2.1  3.0  3.2  4.0 
[21:57:09] [Client thread/INFO]: [Shaders] GL_MAX_DRAW_BUFFERS: 8
[21:57:09] [Client thread/INFO]: [Shaders] GL_MAX_COLOR_ATTACHMENTS_EXT: 8
[21:57:09] [Client thread/INFO]: [Shaders] GL_MAX_TEXTURE_IMAGE_UNITS: 32
[21:57:09] [Client thread/INFO]: [Shaders] Load shaders configuration.
[21:57:09] [Client thread/INFO]: [Shaders] Save shaders configuration.
[21:57:09] [Client thread/INFO]: [Shaders] No shaderpack loaded.
[21:57:09] [Client thread/INFO]: [OptiFine] (Reflector) Class not present: net.minecraftforge.fml.common.Loader
[21:57:09] [Client thread/INFO]: [OptiFine] (Reflector) Class not present: net.minecraftforge.fml.client.SplashProgress
[21:57:09] [Client thread/INFO]: Reloading ResourceManager: Default
[21:57:09] [Client thread/INFO]: [OptiFine] (Reflector) Class not present: optifine.OptiFineClassTransformer
[21:57:09] [Client thread/INFO]: [OptiFine] *** Reloading textures ***
[21:57:09] [Client thread/INFO]: [OptiFine] Resource packs: Default
[21:57:09] [Client thread/INFO]: [OptiFine] (Reflector) Class not present: net.minecraftforge.client.model.Attributes
[21:57:09] [Client thread/INFO]: [OptiFine] (Reflector) Method not present: net.minecraft.client.renderer.vertex.VertexFormatElement$EnumUsage.preDraw
[21:57:09] [Client thread/INFO]: [OptiFine] (Reflector) Method not present: net.minecraft.client.renderer.vertex.VertexFormatElement$EnumUsage.postDraw
[21:57:09] [Sound Library Loader/INFO]: Starting up SoundSystem...
[21:57:09] [VersionCheck/INFO]: [OptiFine] Version found: M5
[21:57:10] [Thread-6/INFO]: Initializing LWJGL OpenAL
[21:57:10] [Thread-6/INFO]: (The LWJGL binding of OpenAL.  For more information, see http://www.lwjgl.org)
[21:57:10] [Thread-6/INFO]: OpenAL initialized.
[21:57:10] [Client thread/INFO]: [OptiFine] (Reflector) Class not present: net.minecraftforge.client.ForgeHooksClient
[21:57:10] [Sound Library Loader/INFO]: Sound engine started
[21:57:10] [Client thread/INFO]: [OptiFine] Mipmap levels: 4
[21:57:10] [Client thread/INFO]: [OptiFine] Multitexture: false
[21:57:10] [Client thread/INFO]: [OptiFine] ConnectedTextures: mcpatcher/ctm/default/0_glass_white/glass_pane_white.properties
[21:57:10] [Client thread/INFO]: [OptiFine] ConnectedTextures: mcpatcher/ctm/default/0_glass_white/glass_white.properties
[21:57:10] [Client thread/INFO]: [OptiFine] ConnectedTextures: mcpatcher/ctm/default/10_glass_purple/glass_pane_purple.properties
[21:57:10] [Client thread/INFO]: [OptiFine] ConnectedTextures: mcpatcher/ctm/default/10_glass_purple/glass_purple.properties
[21:57:10] [Client thread/INFO]: [OptiFine] ConnectedTextures: mcpatcher/ctm/default/11_glass_blue/glass_blue.properties
[21:57:10] [Client thread/INFO]: [OptiFine] ConnectedTextures: mcpatcher/ctm/default/11_glass_blue/glass_pane_blue.properties
[21:57:10] [Client thread/INFO]: [OptiFine] ConnectedTextures: mcpatcher/ctm/default/12_glass_brown/glass_brown.properties
[21:57:10] [Client thread/INFO]: [OptiFine] ConnectedTextures: mcpatcher/ctm/default/12_glass_brown/glass_pane_brown.properties
[21:57:10] [Client thread/INFO]: [OptiFine] ConnectedTextures: mcpatcher/ctm/default/13_glass_green/glass_green.properties
[21:57:10] [Client thread/INFO]: [OptiFine] ConnectedTextures: mcpatcher/ctm/default/13_glass_green/glass_pane_green.properties
[21:57:10] [Client thread/INFO]: [OptiFine] ConnectedTextures: mcpatcher/ctm/default/14_glass_red/glass_pane_red.properties
[21:57:10] [Client thread/INFO]: [OptiFine] ConnectedTextures: mcpatcher/ctm/default/14_glass_red/glass_red.properties
[21:57:10] [Client thread/INFO]: [OptiFine] ConnectedTextures: mcpatcher/ctm/default/15_glass_black/glass_black.properties
[21:57:10] [Client thread/INFO]: [OptiFine] ConnectedTextures: mcpatcher/ctm/default/15_glass_black/glass_pane_black.properties
[21:57:10] [Client thread/INFO]: [OptiFine] ConnectedTextures: mcpatcher/ctm/default/1_glass_orange/glass_orange.properties
[21:57:10] [Client thread/INFO]: [OptiFine] ConnectedTextures: mcpatcher/ctm/default/1_glass_orange/glass_pane_orange.properties
[21:57:10] [Client thread/INFO]: [OptiFine] ConnectedTextures: mcpatcher/ctm/default/2_glass_magenta/glass_magenta.properties
[21:57:10] [Client thread/INFO]: [OptiFine] ConnectedTextures: mcpatcher/ctm/default/2_glass_magenta/glass_pane_magenta.properties
[21:57:10] [Client thread/INFO]: [OptiFine] ConnectedTextures: mcpatcher/ctm/default/3_glass_light_blue/glass_light_blue.properties
[21:57:10] [Client thread/INFO]: [OptiFine] ConnectedTextures: mcpatcher/ctm/default/3_glass_light_blue/glass_pane_light_blue.properties
[21:57:10] [Client thread/INFO]: [OptiFine] ConnectedTextures: mcpatcher/ctm/default/4_glass_yellow/glass_pane_yellow.properties
[21:57:10] [Client thread/INFO]: [OptiFine] ConnectedTextures: mcpatcher/ctm/default/4_glass_yellow/glass_yellow.properties
[21:57:10] [Client thread/INFO]: [OptiFine] ConnectedTextures: mcpatcher/ctm/default/5_glass_lime/glass_lime.properties
[21:57:10] [Client thread/INFO]: [OptiFine] ConnectedTextures: mcpatcher/ctm/default/5_glass_lime/glass_pane_lime.properties
[21:57:10] [Client thread/INFO]: [OptiFine] ConnectedTextures: mcpatcher/ctm/default/6_glass_pink/glass_pane_pink.properties
[21:57:10] [Client thread/INFO]: [OptiFine] ConnectedTextures: mcpatcher/ctm/default/6_glass_pink/glass_pink.properties
[21:57:10] [Client thread/INFO]: [OptiFine] ConnectedTextures: mcpatcher/ctm/default/7_glass_gray/glass_gray.properties
[21:57:10] [Client thread/INFO]: [OptiFine] ConnectedTextures: mcpatcher/ctm/default/7_glass_gray/glass_pane_gray.properties
[21:57:10] [Client thread/INFO]: [OptiFine] ConnectedTextures: mcpatcher/ctm/default/8_glass_silver/glass_pane_silver.properties
[21:57:10] [Client thread/INFO]: [OptiFine] ConnectedTextures: mcpatcher/ctm/default/8_glass_silver/glass_silver.properties
[21:57:10] [Client thread/INFO]: [OptiFine] ConnectedTextures: mcpatcher/ctm/default/9_glass_cyan/glass_cyan.properties
[21:57:10] [Client thread/INFO]: [OptiFine] ConnectedTextures: mcpatcher/ctm/default/9_glass_cyan/glass_pane_cyan.properties
[21:57:10] [Client thread/INFO]: [OptiFine] ConnectedTextures: mcpatcher/ctm/default/bookshelf.properties
[21:57:10] [Client thread/INFO]: [OptiFine] ConnectedTextures: mcpatcher/ctm/default/glass.properties
[21:57:10] [Client thread/INFO]: [OptiFine] ConnectedTextures: mcpatcher/ctm/default/glasspane.properties
[21:57:10] [Client thread/INFO]: [OptiFine] ConnectedTextures: mcpatcher/ctm/default/sandstone.properties
[21:57:10] [Client thread/INFO]: [OptiFine] Multipass connected textures: false
[21:57:10] [Client thread/INFO]: [OptiFine] BetterGrass: Parsing default configuration optifine/bettergrass.properties
[21:57:11] [Client thread/INFO]: Created: 1024x512 textures-atlas
[21:57:11] [Client thread/INFO]: [OptiFine] Animated sprites: 11
[21:57:11] [Client thread/INFO]: [OptiFine] (Reflector) Class not present: net.minecraftforge.client.model.ModelLoader
[21:57:11] [Client thread/INFO]: [OptiFine] (Reflector) Class not present: net.minecraftforge.client.ItemModelMesherForge
[21:57:11] [Client thread/INFO]: [OptiFine] (Reflector) Class not present: net.minecraftforge.fml.client.registry.RenderingRegistry
[21:57:11] [Client thread/INFO]: [OptiFine] (Reflector) Class not present: net.minecraftforge.common.ForgeModContainer
[21:57:12] [Client thread/INFO]: [OptiFine] (Reflector) Class not present: net.minecraftforge.fml.client.GuiModList
[21:57:12] [Client thread/ERROR]: Realms module missing
java.lang.ClassNotFoundException: com.mojang.realmsclient.gui.screens.RealmsNotificationsScreen
	at java.net.URLClassLoader.findClass(URLClassLoader.java:382) ~[?:1.8.0_202]
	at java.lang.ClassLoader.loadClass(ClassLoader.java:424) ~[?:1.8.0_202]
	at sun.misc.Launcher$AppClassLoader.loadClass(Launcher.java:349) ~[?:1.8.0_202]
	at java.lang.ClassLoader.loadClass(ClassLoader.java:357) ~[?:1.8.0_202]
	at java.lang.Class.forName0(Native Method) ~[?:1.8.0_202]
	at java.lang.Class.forName(Class.java:264) ~[?:1.8.0_202]
	at net.minecraft.realms.RealmsBridge.getNotificationScreen(RealmsBridge.java:38) [Irisia/:?]
	at net.minecraft.client.gui.GuiMainMenu.initGui(GuiMainMenu.java:215) [Irisia/:?]
	at net.minecraft.client.gui.GuiScreen.setWorldAndResolution(GuiScreen.java:483) [Irisia/:?]
	at net.minecraft.client.Minecraft.displayGuiScreen(Minecraft.java:916) [Irisia/:?]
	at net.minecraft.client.Minecraft.startGame(Minecraft.java:500) [Irisia/:?]
	at net.minecraft.client.Minecraft.run(Minecraft.java:331) [Irisia/:?]
	at net.minecraft.client.main.Main.main(Main.java:113) [Irisia/:?]
	at Start.main(Start.java:11) [Irisia/:?]
[21:57:13] [Client thread/INFO]: [OptiFine] (Reflector) Class not present: mods.betterfoliage.client.BetterFoliageClient
[21:57:13] [Client thread/INFO]: [OptiFine] (Reflector) Class not present: net.minecraftforge.fml.common.asm.transformers.BlamingTransformer
[21:57:13] [Client thread/INFO]: [OptiFine] (Reflector) Class not present: net.minecraftforge.event.world.ChunkWatchEvent$UnWatch
[21:57:13] [Client thread/INFO]: [OptiFine] (Reflector) Class not present: net.minecraftforge.fml.relauncher.CoreModManager
[21:57:13] [Client thread/INFO]: [OptiFine] (Reflector) Class not present: net.minecraftforge.common.DimensionManager
[21:57:13] [Client thread/INFO]: [OptiFine] (Reflector) Class not present: net.minecraftforge.client.event.GuiScreenEvent$DrawScreenEvent$Pre
[21:57:13] [Client thread/INFO]: [OptiFine] (Reflector) Class not present: net.minecraftforge.client.event.GuiScreenEvent$DrawScreenEvent$Post
[21:57:13] [Client thread/INFO]: [OptiFine] (Reflector) Class not present: net.minecraftforge.client.event.EntityViewRenderEvent$CameraSetup
[21:57:13] [Client thread/INFO]: [OptiFine] (Reflector) Class not present: net.minecraftforge.client.event.EntityViewRenderEvent$FogColors
[21:57:13] [Client thread/INFO]: [OptiFine] (Reflector) Class not present: net.minecraftforge.fml.common.eventhandler.Event
[21:57:13] [Client thread/INFO]: [OptiFine] (Reflector) Class not present: net.minecraftforge.fml.common.eventhandler.EventBus
[21:57:13] [Client thread/INFO]: [OptiFine] (Reflector) Class not present: net.minecraftforge.common.property.ExtendedBlockState
[21:57:13] [Client thread/INFO]: [OptiFine] (Reflector) Class not present: net.minecraftforge.fml.client.FMLClientHandler
[21:57:13] [Client thread/INFO]: [OptiFine] (Reflector) Class not present: net.minecraftforge.fml.common.FMLCommonHandler
[21:57:13] [Client thread/INFO]: [OptiFine] (Reflector) Method not present: net.minecraft.world.biome.BiomeGenBase.getWaterColorMultiplier
[21:57:13] [Client thread/INFO]: [OptiFine] (Reflector) Method not present: net.minecraft.block.Block.addDestroyEffects
[21:57:13] [Client thread/INFO]: [OptiFine] (Reflector) Method not present: net.minecraft.block.Block.addHitEffects
[21:57:13] [Client thread/INFO]: [OptiFine] (Reflector) Method not present: net.minecraft.block.Block.canCreatureSpawn
[21:57:13] [Client thread/INFO]: [OptiFine] (Reflector) Method not present: net.minecraft.block.Block.canRenderInLayer
[21:57:13] [Client thread/INFO]: [OptiFine] (Reflector) Method not present: net.minecraft.block.Block.doesSideBlockRendering
[21:57:13] [Client thread/INFO]: [OptiFine] (Reflector) Method not present: net.minecraft.block.Block.getBedDirection
[21:57:13] [Client thread/INFO]: [OptiFine] (Reflector) Method not present: net.minecraft.block.Block.getExtendedState
[21:57:13] [Client thread/INFO]: [OptiFine] (Reflector) Method not present: net.minecraft.block.Block.getLightOpacity
[21:57:13] [Client thread/INFO]: [OptiFine] (Reflector) Method not present: net.minecraft.block.Block.getLightValue
[21:57:13] [Client thread/INFO]: [OptiFine] (Reflector) Method not present: net.minecraft.block.Block.hasTileEntity
[21:57:13] [Client thread/INFO]: [OptiFine] (Reflector) Method not present: net.minecraft.block.Block.isAir
[21:57:13] [Client thread/INFO]: [OptiFine] (Reflector) Method not present: net.minecraft.block.Block.isBed
[21:57:13] [Client thread/INFO]: [OptiFine] (Reflector) Method not present: net.minecraft.block.Block.isBedFoot
[21:57:13] [Client thread/INFO]: [OptiFine] (Reflector) Method not present: net.minecraft.block.Block.isSideSolid
[21:57:13] [Client thread/INFO]: [OptiFine] (Reflector) Method not present: net.minecraft.world.ChunkCache.isSideSolid
[21:57:13] [Client thread/INFO]: [OptiFine] (Reflector) Method not present: net.minecraft.entity.Entity.canRiderInteract
[21:57:13] [Client thread/INFO]: [OptiFine] (Reflector) Field not present: net.minecraft.entity.Entity.captureDrops
[21:57:13] [Client thread/INFO]: [OptiFine] (Reflector) Field not present: net.minecraft.entity.Entity.capturedDrops
[21:57:13] [Client thread/INFO]: [OptiFine] (Reflector) Method not present: net.minecraft.entity.Entity.shouldRenderInPass
[21:57:13] [Client thread/INFO]: [OptiFine] (Reflector) Method not present: net.minecraft.entity.Entity.shouldRiderSit
[21:57:13] [Client thread/INFO]: [OptiFine] (Reflector) Class not present: net.minecraftforge.event.ForgeEventFactory
[21:57:13] [Client thread/INFO]: [OptiFine] (Reflector) Class not present: net.minecraftforge.common.ForgeHooks
[21:57:13] [Client thread/INFO]: [OptiFine] (Reflector) Field not present: net.minecraft.item.Item.delegate
[21:57:13] [Client thread/INFO]: [OptiFine] (Reflector) Method not present: net.minecraft.item.Item.getDurabilityForDisplay
[21:57:13] [Client thread/INFO]: [OptiFine] (Reflector) Method not present: net.minecraft.item.Item.getModel
[21:57:13] [Client thread/INFO]: [OptiFine] (Reflector) Method not present: net.minecraft.item.Item.onEntitySwing
[21:57:13] [Client thread/INFO]: [OptiFine] (Reflector) Method not present: net.minecraft.item.Item.shouldCauseReequipAnimation
[21:57:13] [Client thread/INFO]: [OptiFine] (Reflector) Method not present: net.minecraft.item.Item.showDurabilityBar
[21:57:13] [Client thread/INFO]: [OptiFine] (Reflector) Method not present: net.minecraft.potion.PotionEffect.isCurativeItem
[21:57:13] [Client thread/INFO]: [OptiFine] (Reflector) Method not present: net.minecraft.tileentity.TileEntity.canRenderBreaking
[21:57:13] [Client thread/INFO]: [OptiFine] (Reflector) Method not present: net.minecraft.tileentity.TileEntity.getRenderBoundingBox
[21:57:13] [Client thread/INFO]: [OptiFine] (Reflector) Method not present: net.minecraft.tileentity.TileEntity.hasFastRenderer
[21:57:13] [Client thread/INFO]: [OptiFine] (Reflector) Method not present: net.minecraft.tileentity.TileEntity.shouldRenderInPass
[21:57:13] [Client thread/INFO]: [OptiFine] (Reflector) Method not present: net.minecraft.world.World.countEntities
[21:57:13] [Client thread/INFO]: [OptiFine] (Reflector) Method not present: net.minecraft.world.World.getPerWorldStorage
[21:57:13] [Client thread/INFO]: [OptiFine] (Reflector) Method not present: net.minecraft.world.WorldProvider.getCloudRenderer
[21:57:13] [Client thread/INFO]: [OptiFine] (Reflector) Method not present: net.minecraft.world.WorldProvider.getSkyRenderer
[21:57:13] [Client thread/INFO]: [OptiFine] (Reflector) Method not present: net.minecraft.world.WorldProvider.getWeatherRenderer
[21:57:13] [Client thread/INFO]: [OptiFine] (Reflector) Method not present: net.minecraft.world.WorldProvider.getSaveFolder
[21:57:13] [Client thread/INFO]: [OptiFine] (Reflector) Class not present: net.minecraftforge.client.model.IColoredBakedQuad
[21:57:13] [Client thread/INFO]: [OptiFine] (Reflector) Class not present: net.minecraftforge.common.property.IExtendedBlockState
[21:57:13] [Client thread/INFO]: [OptiFine] (Reflector) Class not present: net.minecraftforge.client.model.IModel
[21:57:13] [Client thread/INFO]: [OptiFine] (Reflector) Class not present: net.minecraftforge.client.IRenderHandler
[21:57:13] [Client thread/INFO]: [OptiFine] (Reflector) Class not present: net.minecraftforge.client.model.pipeline.LightUtil
[21:57:13] [Client thread/INFO]: [OptiFine] (Reflector) Class not present: net.minecraftforge.common.MinecraftForge
[21:57:13] [Client thread/INFO]: [OptiFine] (Reflector) Class not present: net.minecraftforge.client.MinecraftForgeClient
[21:57:13] [Client thread/INFO]: [OptiFine] (Reflector) Class not present: net.minecraftforge.fml.common.ModContainer
[21:57:13] [Client thread/INFO]: [OptiFine] (Reflector) Class not present: net.minecraftforge.client.model.ModelLoader$VanillaLoader
[21:57:13] [Client thread/INFO]: [OptiFine] (Reflector) Class not present: net.minecraftforge.client.event.RenderBlockOverlayEvent$OverlayType
[21:57:13] [Client thread/INFO]: [OptiFine] (Reflector) Class not present: net.minecraftforge.client.event.RenderItemInFrameEvent
[21:57:13] [Client thread/INFO]: [OptiFine] (Reflector) Class not present: net.minecraftforge.client.event.RenderLivingEvent$Pre
[21:57:13] [Client thread/INFO]: [OptiFine] (Reflector) Class not present: net.minecraftforge.client.event.RenderLivingEvent$Post
[21:57:13] [Client thread/INFO]: [OptiFine] (Reflector) Class not present: net.minecraftforge.client.event.RenderLivingEvent$Specials$Pre
[21:57:13] [Client thread/INFO]: [OptiFine] (Reflector) Class not present: net.minecraftforge.client.event.RenderLivingEvent$Specials$Post
[21:57:13] [Client thread/INFO]: [OptiFine] (Reflector) Class not present: net.minecraftforge.event.world.WorldEvent$Load
[21:57:13] [Client thread/INFO]: [OptiFine] *** Reloading custom textures ***
[21:57:13] [Client thread/INFO]: [OptiFine] Enable face culling: acacia_leaves, birch_leaves, dark_oak_leaves, jungle_leaves, oak_leaves, spruce_leaves
[21:57:14] [Client thread/WARN]: Unable to play unknown soundEvent: minecraft:gui.button.press
[21:57:14] [Client thread/ERROR]: Realms module missing
java.lang.ClassNotFoundException: com.mojang.realmsclient.gui.screens.RealmsNotificationsScreen
	at java.net.URLClassLoader.findClass(URLClassLoader.java:382) ~[?:1.8.0_202]
	at java.lang.ClassLoader.loadClass(ClassLoader.java:424) ~[?:1.8.0_202]
	at sun.misc.Launcher$AppClassLoader.loadClass(Launcher.java:349) ~[?:1.8.0_202]
	at java.lang.ClassLoader.loadClass(ClassLoader.java:357) ~[?:1.8.0_202]
	at java.lang.Class.forName0(Native Method) ~[?:1.8.0_202]
	at java.lang.Class.forName(Class.java:264) ~[?:1.8.0_202]
	at net.minecraft.realms.RealmsBridge.getNotificationScreen(RealmsBridge.java:38) [Irisia/:?]
	at net.minecraft.client.gui.GuiMainMenu.initGui(GuiMainMenu.java:215) [Irisia/:?]
	at net.minecraft.client.gui.GuiScreen.setWorldAndResolution(GuiScreen.java:483) [Irisia/:?]
	at net.minecraft.client.Minecraft.displayGuiScreen(Minecraft.java:916) [Irisia/:?]
	at net.minecraft.client.gui.GuiSelectWorld.func_146615_e(GuiSelectWorld.java:165) [Irisia/:?]
	at net.minecraft.client.gui.GuiSelectWorld$List.elementClicked(GuiSelectWorld.java:257) [Irisia/:?]
	at net.minecraft.client.gui.GuiSlot.handleMouseInput(GuiSlot.java:299) [Irisia/:?]
	at net.minecraft.client.gui.GuiSelectWorld.handleMouseInput(GuiSelectWorld.java:74) [Irisia/:?]
	at net.minecraft.client.gui.GuiScreen.handleInput(GuiScreen.java:502) [Irisia/:?]
	at net.minecraft.client.Minecraft.runTick(Minecraft.java:1651) [Irisia/:?]
	at net.minecraft.client.Minecraft.runGameLoop(Minecraft.java:1010) [Irisia/:?]
	at net.minecraft.client.Minecraft.run(Minecraft.java:351) [Irisia/:?]
	at net.minecraft.client.main.Main.main(Main.java:113) [Irisia/:?]
	at Start.main(Start.java:11) [Irisia/:?]
[21:57:14] [Server thread/INFO]: Starting integrated minecraft server version 1.9
[21:57:14] [Server thread/INFO]: Generating keypair
[21:57:14] [Server thread/INFO]: Preparing start region for level 0
[21:57:15] [Server thread/INFO]: Changing view distance to 8, from 10
[21:57:15] [Client thread/ERROR]: Realms module missing
java.lang.ClassNotFoundException: com.mojang.realmsclient.gui.screens.RealmsNotificationsScreen
	at java.net.URLClassLoader.findClass(URLClassLoader.java:382) ~[?:1.8.0_202]
	at java.lang.ClassLoader.loadClass(ClassLoader.java:424) ~[?:1.8.0_202]
	at sun.misc.Launcher$AppClassLoader.loadClass(Launcher.java:349) ~[?:1.8.0_202]
	at java.lang.ClassLoader.loadClass(ClassLoader.java:357) ~[?:1.8.0_202]
	at java.lang.Class.forName0(Native Method) ~[?:1.8.0_202]
	at java.lang.Class.forName(Class.java:264) ~[?:1.8.0_202]
	at net.minecraft.realms.RealmsBridge.getNotificationScreen(RealmsBridge.java:38) [Irisia/:?]
	at net.minecraft.client.gui.GuiMainMenu.initGui(GuiMainMenu.java:215) [Irisia/:?]
	at net.minecraft.client.gui.GuiScreen.setWorldAndResolution(GuiScreen.java:483) [Irisia/:?]
	at net.minecraft.client.Minecraft.displayGuiScreen(Minecraft.java:916) [Irisia/:?]
	at net.minecraft.client.Minecraft.launchIntegratedServer(Minecraft.java:2193) [Irisia/:?]
	at net.minecraft.client.gui.GuiSelectWorld.func_146615_e(GuiSelectWorld.java:186) [Irisia/:?]
	at net.minecraft.client.gui.GuiSelectWorld$List.elementClicked(GuiSelectWorld.java:257) [Irisia/:?]
	at net.minecraft.client.gui.GuiSlot.handleMouseInput(GuiSlot.java:299) [Irisia/:?]
	at net.minecraft.client.gui.GuiSelectWorld.handleMouseInput(GuiSelectWorld.java:74) [Irisia/:?]
	at net.minecraft.client.gui.GuiScreen.handleInput(GuiScreen.java:502) [Irisia/:?]
	at net.minecraft.client.Minecraft.runTick(Minecraft.java:1651) [Irisia/:?]
	at net.minecraft.client.Minecraft.runGameLoop(Minecraft.java:1010) [Irisia/:?]
	at net.minecraft.client.Minecraft.run(Minecraft.java:351) [Irisia/:?]
	at net.minecraft.client.main.Main.main(Main.java:113) [Irisia/:?]
	at Start.main(Start.java:11) [Irisia/:?]
[21:57:16] [Server thread/INFO]: irisia749[local:E:302143c0] logged in with entity id 379 at (341.0326450506911, 78.0, 186.57335645836014)
[21:57:16] [Server thread/INFO]: irisia749 joined the game
[21:57:16] [Client thread/INFO]: [CHAT] You can install §e64-bit Java§f to increase performance.
[21:57:16] [Client thread/WARN]: Unable to play unknown soundEvent: minecraft:mob.cow.say
[21:57:17] [Client thread/WARN]: Unable to play unknown soundEvent: minecraft:mob.cow.hurt
[21:57:17] [Client thread/WARN]: Unable to play unknown soundEvent: minecraft:step.grass
[21:57:17] [Client thread/WARN]: Unable to play unknown soundEvent: minecraft:mob.cow.say
[21:57:17] [Client thread/WARN]: Unable to play unknown soundEvent: minecraft:mob.cow.step
[21:57:17] [Client thread/WARN]: Unable to play unknown soundEvent: minecraft:mob.cow.hurt
[21:57:18] [Client thread/WARN]: Unable to play unknown soundEvent: minecraft:mob.cow.say
[21:57:18] [Client thread/WARN]: Unable to play unknown soundEvent: minecraft:mob.cow.say
[21:57:18] [Client thread/WARN]: Unable to play unknown soundEvent: minecraft:step.grass
[21:57:18] [Client thread/WARN]: Unable to play unknown soundEvent: minecraft:mob.cow.step
[21:57:18] [Client thread/WARN]: Unable to play unknown soundEvent: minecraft:mob.cow.hurt
[21:57:18] [Client thread/WARN]: Unable to play unknown soundEvent: minecraft:liquid.lava
[21:57:18] [Client thread/WARN]: Unable to play unknown soundEvent: minecraft:mob.cow.say
[21:57:18] [Client thread/WARN]: Unable to play unknown soundEvent: minecraft:step.grass
[21:57:19] [Client thread/WARN]: Unable to play unknown soundEvent: minecraft:mob.cow.hurt
[21:57:19] [Client thread/WARN]: Unable to play unknown soundEvent: minecraft:mob.cow.step
[21:57:19] [Client thread/WARN]: Unable to play unknown soundEvent: minecraft:mob.cow.step
[21:57:19] [Client thread/WARN]: Unable to play unknown soundEvent: minecraft:mob.cow.step
[21:57:19] [Client thread/WARN]: Unable to play unknown soundEvent: minecraft:step.grass
[21:57:19] [Client thread/WARN]: Unable to play unknown soundEvent: minecraft:mob.cow.step
[21:57:19] [Client thread/WARN]: Unable to play unknown soundEvent: minecraft:mob.cow.step
[21:57:19] [Client thread/WARN]: Unable to play unknown soundEvent: minecraft:mob.cow.hurt
[21:57:19] [Client thread/WARN]: Unable to play unknown soundEvent: minecraft:mob.cow.step
[21:57:19] [Client thread/WARN]: Unable to play unknown soundEvent: minecraft:step.grass
[21:57:20] [Client thread/WARN]: Unable to play unknown soundEvent: minecraft:mob.cow.step
[21:57:20] [Client thread/WARN]: Unable to play unknown soundEvent: minecraft:mob.cow.step
[21:57:20] [Client thread/WARN]: Unable to play unknown soundEvent: minecraft:game.neutral.hurt.fall.small
[21:57:20] [Client thread/WARN]: Unable to play unknown soundEvent: minecraft:mob.cow.hurt
[21:57:20] [Client thread/WARN]: Unable to play unknown soundEvent: minecraft:step.grass
[21:57:20] [Client thread/WARN]: Unable to play unknown soundEvent: minecraft:mob.cow.step
[21:57:20] [Client thread/WARN]: Unable to play unknown soundEvent: minecraft:mob.cow.hurt
[21:57:20] [Client thread/WARN]: Unable to play unknown soundEvent: minecraft:mob.cow.step
[21:57:20] [Client thread/WARN]: Unable to play unknown soundEvent: minecraft:mob.cow.step
[21:57:20] [Client thread/WARN]: Unable to play unknown soundEvent: minecraft:step.grass
[21:57:20] [Client thread/WARN]: Unable to play unknown soundEvent: minecraft:music.game
[21:57:20] [Client thread/WARN]: Unable to play unknown soundEvent: minecraft:mob.cow.step
[21:57:20] [Client thread/WARN]: Unable to play unknown soundEvent: minecraft:mob.cow.step
[21:57:20] [Client thread/WARN]: Unable to play unknown soundEvent: minecraft:step.grass
[21:57:21] [Client thread/WARN]: Unable to play unknown soundEvent: minecraft:step.grass
[21:57:21] [Client thread/WARN]: Unable to play unknown soundEvent: minecraft:mob.cow.step
[21:57:21] [Client thread/WARN]: Unable to play unknown soundEvent: minecraft:mob.cow.step
[21:57:21] [Client thread/WARN]: Unable to play unknown soundEvent: minecraft:mob.cow.step
[21:57:21] [Client thread/WARN]: Unable to play unknown soundEvent: minecraft:step.grass
[21:57:22] [Client thread/WARN]: Unable to play unknown soundEvent: minecraft:mob.cow.step
[21:57:22] [Client thread/WARN]: Unable to play unknown soundEvent: minecraft:step.grass
[21:57:22] [Client thread/WARN]: Unable to play unknown soundEvent: minecraft:mob.cow.step
[21:57:22] [Client thread/WARN]: Unable to play unknown soundEvent: minecraft:mob.cow.hurt
[21:57:22] [Client thread/WARN]: Unable to play unknown soundEvent: minecraft:step.grass
[21:57:23] [Client thread/WARN]: Unable to play unknown soundEvent: minecraft:mob.cow.hurt
[21:57:23] [Client thread/WARN]: Unable to play unknown soundEvent: minecraft:mob.cow.step
[21:57:23] [Client thread/WARN]: Unable to play unknown soundEvent: minecraft:mob.cow.step
[21:57:23] [Client thread/WARN]: Unable to play unknown soundEvent: minecraft:mob.cow.step
[21:57:23] [Client thread/WARN]: Unable to play unknown soundEvent: minecraft:step.grass
[21:57:23] [Client thread/WARN]: Unable to play unknown soundEvent: minecraft:mob.cow.step
[21:57:23] [Client thread/WARN]: Unable to play unknown soundEvent: minecraft:mob.cow.hurt
[21:57:23] [Client thread/WARN]: Unable to play unknown soundEvent: minecraft:mob.cow.hurt
[21:57:23] [Client thread/WARN]: Unable to play unknown soundEvent: minecraft:step.grass
[21:57:23] [Client thread/WARN]: Unable to play unknown soundEvent: minecraft:step.grass
[21:57:24] [Client thread/WARN]: Unable to play unknown soundEvent: minecraft:mob.cow.step
[21:57:24] [Client thread/WARN]: Unable to play unknown soundEvent: minecraft:mob.cow.step
[21:57:24] [Client thread/WARN]: Unable to play unknown soundEvent: minecraft:step.grass
[21:57:24] [Client thread/WARN]: Unable to play unknown soundEvent: minecraft:mob.cow.hurt
[21:57:24] [Client thread/WARN]: Unable to play unknown soundEvent: minecraft:mob.cow.step
[21:57:24] [Client thread/WARN]: Unable to play unknown soundEvent: minecraft:mob.zombie.step
[21:57:24] [Client thread/WARN]: Unable to play unknown soundEvent: minecraft:step.grass
[21:57:24] [Client thread/WARN]: Unable to play unknown soundEvent: minecraft:step.grass
[21:57:24] [Client thread/WARN]: Unable to play unknown soundEvent: minecraft:mob.cow.step
[21:57:24] [Client thread/WARN]: Unable to play unknown soundEvent: minecraft:mob.cow.hurt
[21:57:24] [Client thread/WARN]: Unable to play unknown soundEvent: minecraft:step.grass
[21:57:25] [Client thread/WARN]: Unable to play unknown soundEvent: minecraft:mob.cow.step
[21:57:25] [Client thread/WARN]: Unable to play unknown soundEvent: minecraft:mob.cow.step
[21:57:25] [Client thread/WARN]: Unable to play unknown soundEvent: minecraft:mob.cow.hurt
[21:57:25] [Client thread/WARN]: Unable to play unknown soundEvent: minecraft:mob.cow.step
[21:57:25] [Client thread/WARN]: Unable to play unknown soundEvent: minecraft:step.grass
[21:57:25] [Client thread/WARN]: Unable to play unknown soundEvent: minecraft:mob.cow.step
[21:57:25] [Client thread/WARN]: Unable to play unknown soundEvent: minecraft:mob.cow.say
[21:57:25] [Client thread/WARN]: Unable to play unknown soundEvent: minecraft:step.grass
[21:57:25] [Client thread/WARN]: Unable to play unknown soundEvent: minecraft:mob.cow.hurt
[21:57:25] [Client thread/WARN]: Unable to play unknown soundEvent: minecraft:mob.cow.say
[21:57:25] [Client thread/WARN]: Unable to play unknown soundEvent: minecraft:mob.cow.step
[21:57:25] [Client thread/WARN]: Unable to play unknown soundEvent: minecraft:mob.cow.say
[21:57:25] [Client thread/WARN]: Unable to play unknown soundEvent: minecraft:liquid.lavapop
[21:57:25] [Client thread/WARN]: Unable to play unknown soundEvent: minecraft:mob.cow.step
[21:57:25] [Client thread/WARN]: Unable to play unknown soundEvent: minecraft:step.grass
[21:57:25] [Client thread/WARN]: Unable to play unknown soundEvent: minecraft:mob.cow.hurt
[21:57:26] [Client thread/WARN]: Unable to play unknown soundEvent: minecraft:mob.cow.step
[21:57:26] [Client thread/WARN]: Unable to play unknown soundEvent: minecraft:mob.cow.step
[21:57:26] [Client thread/WARN]: Unable to play unknown soundEvent: minecraft:mob.cow.hurt
[21:57:26] [Client thread/WARN]: Unable to play unknown soundEvent: minecraft:mob.cow.hurt
[21:57:26] [Client thread/WARN]: Unable to play unknown soundEvent: minecraft:mob.cow.step
[21:57:26] [Client thread/WARN]: Unable to play unknown soundEvent: minecraft:mob.cow.say
[21:57:26] [Client thread/WARN]: Unable to play unknown soundEvent: minecraft:mob.cow.step
[21:57:26] [Client thread/WARN]: Unable to play unknown soundEvent: minecraft:step.grass
[21:57:26] [Client thread/WARN]: Unable to play unknown soundEvent: minecraft:step.grass
[21:57:26] [Client thread/WARN]: Unable to play unknown soundEvent: minecraft:mob.cow.hurt
[21:57:26] [Client thread/WARN]: Unable to play unknown soundEvent: minecraft:step.grass
[21:57:26] [Client thread/WARN]: Unable to play unknown soundEvent: minecraft:mob.cow.step
[21:57:26] [Client thread/WARN]: Unable to play unknown soundEvent: minecraft:mob.cow.step
[21:57:26] [Client thread/WARN]: Unable to play unknown soundEvent: minecraft:mob.cow.step
[21:57:27] [Client thread/WARN]: Unable to play unknown soundEvent: minecraft:mob.cow.step
[21:57:27] [Client thread/WARN]: Unable to play unknown soundEvent: minecraft:step.grass
[21:57:27] [Client thread/WARN]: Unable to play unknown soundEvent: minecraft:mob.cow.hurt
[21:57:27] [Client thread/WARN]: Unable to play unknown soundEvent: minecraft:mob.cow.step
[21:57:27] [Client thread/WARN]: Unable to play unknown soundEvent: minecraft:mob.cow.step
[21:57:27] [Client thread/WARN]: Unable to play unknown soundEvent: minecraft:mob.cow.step
[21:57:27] [Client thread/WARN]: Unable to play unknown soundEvent: minecraft:mob.cow.hurt
[21:57:27] [Client thread/WARN]: Unable to play unknown soundEvent: minecraft:step.grass
[21:57:27] [Client thread/WARN]: Unable to play unknown soundEvent: minecraft:mob.cow.step
[21:57:27] [Client thread/WARN]: Unable to play unknown soundEvent: minecraft:mob.cow.step
[21:57:27] [Client thread/WARN]: Unable to play unknown soundEvent: minecraft:mob.cow.hurt
[21:57:27] [Client thread/WARN]: Unable to play unknown soundEvent: minecraft:step.grass
[21:57:27] [Client thread/WARN]: Unable to play unknown soundEvent: minecraft:mob.cow.step
[21:57:27] [Client thread/WARN]: Unable to play unknown soundEvent: minecraft:mob.cow.step
[21:57:27] [Client thread/WARN]: Unable to play unknown soundEvent: minecraft:mob.cow.step
[21:57:28] [Client thread/WARN]: Unable to play unknown soundEvent: minecraft:step.grass
[21:57:28] [Client thread/WARN]: Unable to play unknown soundEvent: minecraft:step.grass
[21:57:28] [Client thread/WARN]: Unable to play unknown soundEvent: minecraft:mob.cow.hurt
[21:57:28] [Client thread/WARN]: Unable to play unknown soundEvent: minecraft:mob.cow.step
[21:57:28] [Client thread/WARN]: Unable to play unknown soundEvent: minecraft:mob.cow.step
[21:57:28] [Client thread/WARN]: Unable to play unknown soundEvent: minecraft:step.grass
[21:57:28] [Client thread/WARN]: Unable to play unknown soundEvent: minecraft:mob.cow.step
[21:57:28] [Client thread/WARN]: Unable to play unknown soundEvent: minecraft:mob.cow.hurt
[21:57:28] [Client thread/WARN]: Unable to play unknown soundEvent: minecraft:mob.cow.step
[21:57:28] [Client thread/WARN]: Unable to play unknown soundEvent: minecraft:step.grass
[21:57:28] [Client thread/WARN]: Unable to play unknown soundEvent: minecraft:mob.cow.step
[21:57:28] [Client thread/WARN]: Unable to play unknown soundEvent: minecraft:step.grass
[21:57:28] [Client thread/WARN]: Unable to play unknown soundEvent: minecraft:mob.cow.step
[21:57:28] [Client thread/WARN]: Unable to play unknown soundEvent: minecraft:liquid.lava
[21:57:29] [Client thread/WARN]: Unable to play unknown soundEvent: minecraft:mob.cow.step
[21:57:29] [Client thread/WARN]: Unable to play unknown soundEvent: minecraft:step.grass
[21:57:29] [Client thread/WARN]: Unable to play unknown soundEvent: minecraft:mob.cow.step
[21:57:29] [Client thread/WARN]: Unable to play unknown soundEvent: minecraft:mob.cow.hurt
[21:57:29] [Client thread/WARN]: Unable to play unknown soundEvent: minecraft:mob.cow.step
[21:57:29] [Client thread/WARN]: Unable to play unknown soundEvent: minecraft:step.grass
[21:57:29] [Client thread/WARN]: Unable to play unknown soundEvent: minecraft:mob.cow.step
[21:57:29] [Client thread/WARN]: Unable to play unknown soundEvent: minecraft:mob.cow.step
[21:57:29] [Client thread/WARN]: Unable to play unknown soundEvent: minecraft:step.grass
[21:57:29] [Client thread/WARN]: Unable to play unknown soundEvent: minecraft:mob.cow.step
[21:57:29] [Client thread/WARN]: Unable to play unknown soundEvent: minecraft:step.grass
[21:57:29] [Client thread/WARN]: Unable to play unknown soundEvent: minecraft:mob.cow.step
[21:57:29] [Client thread/WARN]: Unable to play unknown soundEvent: minecraft:random.pop
[21:57:29] [Client thread/WARN]: Unable to play unknown soundEvent: minecraft:random.pop
[21:57:29] [Client thread/WARN]: Unable to play unknown soundEvent: minecraft:step.grass
[21:57:30] [Client thread/WARN]: Unable to play unknown soundEvent: minecraft:mob.cow.step
[21:57:30] [Client thread/WARN]: Unable to play unknown soundEvent: minecraft:mob.cow.step
[21:57:30] [Client thread/WARN]: Unable to play unknown soundEvent: minecraft:step.grass
[21:57:30] [Client thread/WARN]: Unable to play unknown soundEvent: minecraft:step.grass
[21:57:30] [Client thread/WARN]: Unable to play unknown soundEvent: minecraft:mob.cow.step
[21:57:30] [Client thread/WARN]: Unable to play unknown soundEvent: minecraft:mob.cow.step
[21:57:30] [Client thread/WARN]: Unable to play unknown soundEvent: minecraft:random.orb
[21:57:30] [Client thread/WARN]: Unable to play unknown soundEvent: minecraft:step.grass
[21:57:30] [Client thread/WARN]: Unable to play unknown soundEvent: minecraft:mob.cow.step
[21:57:30] [Client thread/WARN]: Unable to play unknown soundEvent: minecraft:mob.cow.step
[21:57:30] [Client thread/WARN]: Unable to play unknown soundEvent: minecraft:step.grass
[21:57:30] [Client thread/WARN]: Unable to play unknown soundEvent: minecraft:step.grass
[21:57:31] [Client thread/WARN]: Unable to play unknown soundEvent: minecraft:mob.cow.step
[21:57:31] [Client thread/WARN]: Unable to play unknown soundEvent: minecraft:liquid.lavapop
[21:57:31] [Client thread/WARN]: Unable to play unknown soundEvent: minecraft:mob.cow.hurt
[21:57:31] [Client thread/WARN]: Unable to play unknown soundEvent: minecraft:mob.cow.step
[21:57:31] [Client thread/WARN]: Unable to play unknown soundEvent: minecraft:step.grass
[21:57:31] [Client thread/WARN]: Unable to play unknown soundEvent: minecraft:liquid.lava
[21:57:31] [Client thread/WARN]: Unable to play unknown soundEvent: minecraft:mob.cow.hurt
[21:57:31] [Client thread/WARN]: Unable to play unknown soundEvent: minecraft:mob.cow.step
[21:57:32] [Client thread/WARN]: Unable to play unknown soundEvent: minecraft:step.grass
[21:57:32] [Client thread/WARN]: Unable to play unknown soundEvent: minecraft:liquid.lavapop
[21:57:32] [Client thread/WARN]: Unable to play unknown soundEvent: minecraft:step.grass
[21:57:32] [Client thread/WARN]: Unable to play unknown soundEvent: minecraft:mob.cow.hurt
[21:57:32] [Client thread/WARN]: Unable to play unknown soundEvent: minecraft:step.grass
[21:57:32] [Client thread/WARN]: Unable to play unknown soundEvent: minecraft:liquid.lava
[21:57:32] [Client thread/WARN]: Unable to play unknown soundEvent: minecraft:liquid.lava
[21:57:33] [Client thread/WARN]: Unable to play unknown soundEvent: minecraft:mob.cow.step
[21:57:33] [Client thread/WARN]: Unable to play unknown soundEvent: minecraft:mob.cow.step
[21:57:33] [Client thread/WARN]: Unable to play unknown soundEvent: minecraft:liquid.lavapop
[21:57:33] [Client thread/WARN]: Unable to play unknown soundEvent: minecraft:mob.cow.hurt
[21:57:33] [Client thread/WARN]: Unable to play unknown soundEvent: minecraft:liquid.lavapop
[21:57:33] [Client thread/WARN]: Unable to play unknown soundEvent: minecraft:mob.cow.step
[21:57:33] [Client thread/WARN]: Unable to play unknown soundEvent: minecraft:step.grass
[21:57:33] [Client thread/WARN]: Unable to play unknown soundEvent: minecraft:step.grass
[21:57:33] [Client thread/WARN]: Unable to play unknown soundEvent: minecraft:mob.cow.hurt
[21:57:33] [Client thread/WARN]: Unable to play unknown soundEvent: minecraft:mob.cow.step
[21:57:33] [Client thread/WARN]: Unable to play unknown soundEvent: minecraft:mob.cow.step
[21:57:34] [Client thread/WARN]: Unable to play unknown soundEvent: minecraft:mob.cow.say
[21:57:34] [Client thread/WARN]: Unable to play unknown soundEvent: minecraft:step.grass
[21:57:34] [Client thread/WARN]: Unable to play unknown soundEvent: minecraft:mob.cow.step
[21:57:34] [Client thread/WARN]: Unable to play unknown soundEvent: minecraft:mob.cow.hurt
[21:57:34] [Client thread/WARN]: Unable to play unknown soundEvent: minecraft:step.grass
[21:57:34] [Client thread/WARN]: Unable to play unknown soundEvent: minecraft:mob.cow.say
[21:57:34] [Client thread/WARN]: Unable to play unknown soundEvent: minecraft:step.grass
[21:57:34] [Client thread/WARN]: Unable to play unknown soundEvent: minecraft:mob.cow.say
[21:57:34] [Client thread/WARN]: Unable to play unknown soundEvent: minecraft:mob.cow.hurt
[21:57:35] [Client thread/WARN]: Unable to play unknown soundEvent: minecraft:mob.cow.step
[21:57:35] [Client thread/WARN]: Unable to play unknown soundEvent: minecraft:liquid.lavapop
[21:57:35] [Client thread/WARN]: Unable to play unknown soundEvent: minecraft:step.grass
[21:57:35] [Client thread/WARN]: Unable to play unknown soundEvent: minecraft:step.grass
[21:57:35] [Client thread/WARN]: Unable to play unknown soundEvent: minecraft:mob.cow.step
[21:57:35] [Client thread/WARN]: Unable to play unknown soundEvent: minecraft:mob.cow.hurt
[21:57:35] [Client thread/WARN]: Unable to play unknown soundEvent: minecraft:mob.cow.step
[21:57:35] [Client thread/WARN]: Unable to play unknown soundEvent: minecraft:game.player.hurt
[21:57:35] [Client thread/WARN]: Unable to play unknown soundEvent: minecraft:mob.cow.step
[21:57:35] [Client thread/WARN]: Unable to play unknown soundEvent: minecraft:game.neutral.hurt.fall.small
[21:57:35] [Client thread/WARN]: Unable to play unknown soundEvent: minecraft:step.grass
[21:57:35] [Client thread/WARN]: Unable to play unknown soundEvent: minecraft:step.grass
[21:57:35] [Client thread/WARN]: Unable to play unknown soundEvent: minecraft:liquid.lavapop
[21:57:35] [Client thread/WARN]: Unable to play unknown soundEvent: minecraft:mob.cow.step
[21:57:36] [Client thread/WARN]: Unable to play unknown soundEvent: minecraft:step.grass
[21:57:36] [Client thread/WARN]: Unable to play unknown soundEvent: minecraft:step.grass
[21:57:36] [Client thread/WARN]: Unable to play unknown soundEvent: minecraft:liquid.lava
[21:57:36] [Client thread/WARN]: Unable to play unknown soundEvent: minecraft:liquid.lavapop
[21:57:36] [Client thread/WARN]: Unable to play unknown soundEvent: minecraft:liquid.lavapop
[21:57:36] [Client thread/WARN]: Unable to play unknown soundEvent: minecraft:random.pop
[21:57:36] [Client thread/WARN]: Unable to play unknown soundEvent: minecraft:step.grass
[21:57:36] [Client thread/WARN]: Unable to play unknown soundEvent: minecraft:random.orb
[21:57:37] [Client thread/WARN]: Unable to play unknown soundEvent: minecraft:step.grass
[21:57:37] [Client thread/WARN]: Unable to play unknown soundEvent: minecraft:random.pop
[21:57:37] [Client thread/WARN]: Unable to play unknown soundEvent: minecraft:step.grass
[21:57:37] [Client thread/WARN]: Unable to play unknown soundEvent: minecraft:step.grass
[21:57:37] [Client thread/WARN]: Unable to play unknown soundEvent: minecraft:liquid.lavapop
[21:57:38] [Client thread/WARN]: Unable to play unknown soundEvent: minecraft:liquid.lavapop
[21:57:38] [Client thread/WARN]: Unable to play unknown soundEvent: minecraft:step.grass
[21:57:38] [Client thread/WARN]: Unable to play unknown soundEvent: minecraft:step.grass
[21:57:38] [Client thread/WARN]: Unable to play unknown soundEvent: minecraft:mob.cow.hurt
[21:57:38] [Client thread/WARN]: Unable to play unknown soundEvent: minecraft:mob.cow.step
[21:57:38] [Client thread/WARN]: Unable to play unknown soundEvent: minecraft:step.grass
[21:57:38] [Client thread/WARN]: Unable to play unknown soundEvent: minecraft:step.grass
[21:57:39] [Client thread/WARN]: Unable to play unknown soundEvent: minecraft:step.grass
[21:57:39] [Client thread/WARN]: Unable to play unknown soundEvent: minecraft:mob.cow.hurt
[21:57:39] [Client thread/WARN]: Unable to play unknown soundEvent: minecraft:step.grass
[21:57:39] [Client thread/WARN]: Unable to play unknown soundEvent: minecraft:step.grass
[21:57:39] [Client thread/WARN]: Unable to play unknown soundEvent: minecraft:game.player.hurt
[21:57:39] [Client thread/WARN]: Unable to play unknown soundEvent: minecraft:step.grass
[21:57:40] [Client thread/WARN]: Unable to play unknown soundEvent: minecraft:step.grass
[21:57:40] [Client thread/WARN]: Unable to play unknown soundEvent: minecraft:step.grass
[21:57:40] [Client thread/WARN]: Unable to play unknown soundEvent: minecraft:step.grass
[21:57:41] [Client thread/WARN]: Unable to play unknown soundEvent: minecraft:step.grass
[21:57:41] [Client thread/WARN]: Unable to play unknown soundEvent: minecraft:step.grass
[21:57:41] [Client thread/WARN]: Unable to play unknown soundEvent: minecraft:step.grass
[21:57:41] [Client thread/WARN]: Unable to play unknown soundEvent: minecraft:step.grass
[21:57:42] [Client thread/WARN]: Unable to play unknown soundEvent: minecraft:step.grass
[21:57:42] [Client thread/WARN]: Unable to play unknown soundEvent: minecraft:step.grass
[21:57:42] [Client thread/WARN]: Unable to play unknown soundEvent: minecraft:step.grass
[21:57:42] [Client thread/WARN]: Unable to play unknown soundEvent: minecraft:step.grass
[21:57:43] [Client thread/WARN]: Unable to play unknown soundEvent: minecraft:step.grass
[21:57:43] [Client thread/WARN]: Unable to play unknown soundEvent: minecraft:step.grass
[21:57:43] [Client thread/WARN]: Unable to play unknown soundEvent: minecraft:game.player.hurt
[21:57:43] [Client thread/WARN]: Unable to play unknown soundEvent: minecraft:step.grass
[21:57:44] [Client thread/WARN]: Unable to play unknown soundEvent: minecraft:step.grass
[21:57:44] [Client thread/WARN]: Unable to play unknown soundEvent: minecraft:step.grass
[21:57:44] [Client thread/WARN]: Unable to play unknown soundEvent: minecraft:step.grass
[21:57:45] [Client thread/WARN]: Unable to play unknown soundEvent: minecraft:step.grass
[21:57:45] [Client thread/WARN]: Unable to play unknown soundEvent: minecraft:step.grass
[21:57:46] [Client thread/WARN]: Unable to play unknown soundEvent: minecraft:step.grass
[21:57:46] [Client thread/WARN]: Unable to play unknown soundEvent: minecraft:step.grass
[21:57:46] [Client thread/WARN]: Unable to play unknown soundEvent: minecraft:mob.cow.say
[21:57:46] [Client thread/WARN]: Unable to play unknown soundEvent: minecraft:step.grass
[21:57:47] [Client thread/WARN]: Unable to play unknown soundEvent: minecraft:step.grass
[21:57:47] [Client thread/WARN]: Unable to play unknown soundEvent: minecraft:step.grass
[21:57:47] [Client thread/WARN]: Unable to play unknown soundEvent: minecraft:game.player.hurt
[21:57:48] [Client thread/WARN]: Unable to play unknown soundEvent: minecraft:step.grass
[21:57:48] [Client thread/WARN]: Unable to play unknown soundEvent: minecraft:step.grass
[21:57:48] [Client thread/WARN]: Unable to play unknown soundEvent: minecraft:step.grass
[21:57:48] [Client thread/WARN]: Unable to play unknown soundEvent: minecraft:step.grass
[21:57:48] [Client thread/WARN]: Unable to play unknown soundEvent: minecraft:step.grass
[21:57:49] [Client thread/WARN]: Unable to play unknown soundEvent: minecraft:step.grass
[21:57:49] [Client thread/WARN]: Unable to play unknown soundEvent: minecraft:step.grass
[21:57:50] [Client thread/WARN]: Unable to play unknown soundEvent: minecraft:step.grass
[21:57:50] [Client thread/WARN]: Unable to play unknown soundEvent: minecraft:step.grass
[21:57:51] [Client thread/WARN]: Unable to play unknown soundEvent: minecraft:step.grass
[21:57:51] [Client thread/WARN]: Unable to play unknown soundEvent: minecraft:game.player.hurt
[21:57:51] [Client thread/WARN]: Unable to play unknown soundEvent: minecraft:step.grass
[21:57:53] [Client thread/WARN]: Unable to play unknown soundEvent: minecraft:step.grass
[21:57:53] [Client thread/WARN]: Unable to play unknown soundEvent: minecraft:step.grass
[21:57:53] [Client thread/WARN]: Unable to play unknown soundEvent: minecraft:step.grass
[21:57:53] [Client thread/WARN]: Unable to play unknown soundEvent: minecraft:step.grass
[21:57:53] [Client thread/WARN]: Unable to play unknown soundEvent: minecraft:step.grass
[21:57:53] [Client thread/WARN]: Unable to play unknown soundEvent: minecraft:step.grass
[21:57:54] [Client thread/WARN]: Unable to play unknown soundEvent: minecraft:step.grass
[21:57:54] [Client thread/WARN]: Unable to play unknown soundEvent: minecraft:step.grass
[21:57:54] [Client thread/WARN]: Unable to play unknown soundEvent: minecraft:step.grass
[21:57:54] [Client thread/WARN]: Unable to play unknown soundEvent: minecraft:step.grass
[21:57:55] [Client thread/WARN]: Unable to play unknown soundEvent: minecraft:step.grass
[21:57:55] [Client thread/WARN]: Unable to play unknown soundEvent: minecraft:step.grass
[21:57:55] [Client thread/WARN]: Unable to play unknown soundEvent: minecraft:game.player.hurt
[21:57:55] [Client thread/WARN]: Unable to play unknown soundEvent: minecraft:step.grass
[21:57:56] [Client thread/WARN]: Unable to play unknown soundEvent: minecraft:step.grass
[21:57:56] [Client thread/WARN]: Unable to play unknown soundEvent: minecraft:step.grass
[21:57:56] [Client thread/WARN]: Unable to play unknown soundEvent: minecraft:step.grass
[21:57:57] [Client thread/WARN]: Unable to play unknown soundEvent: minecraft:step.grass
[21:57:57] [Client thread/WARN]: Unable to play unknown soundEvent: minecraft:step.grass
[21:57:58] [Client thread/WARN]: Unable to play unknown soundEvent: minecraft:step.grass
[21:57:58] [Client thread/WARN]: Unable to play unknown soundEvent: minecraft:step.grass
[21:57:59] [Client thread/WARN]: Unable to play unknown soundEvent: minecraft:step.grass
[21:57:59] [Client thread/WARN]: Unable to play unknown soundEvent: minecraft:step.grass
[21:57:59] [Client thread/WARN]: Unable to play unknown soundEvent: minecraft:step.grass
[21:58:00] [Client thread/WARN]: Unable to play unknown soundEvent: minecraft:step.grass
[21:58:00] [Client thread/WARN]: Unable to play unknown soundEvent: minecraft:step.grass
[21:58:00] [Client thread/WARN]: Unable to play unknown soundEvent: minecraft:step.grass
[21:58:01] [Client thread/WARN]: Unable to play unknown soundEvent: minecraft:step.grass
[21:58:01] [Client thread/WARN]: Unable to play unknown soundEvent: minecraft:step.grass
[21:58:01] [Client thread/WARN]: Unable to play unknown soundEvent: minecraft:step.grass
[21:58:01] [Client thread/WARN]: Unable to play unknown soundEvent: minecraft:step.grass
[21:58:02] [Client thread/WARN]: Unable to play unknown soundEvent: minecraft:step.grass
[21:58:02] [Client thread/WARN]: Unable to play unknown soundEvent: minecraft:step.grass
[21:58:02] [Client thread/WARN]: Unable to play unknown soundEvent: minecraft:step.grass
[21:58:03] [Client thread/WARN]: Unable to play unknown soundEvent: minecraft:step.grass
[21:58:03] [Client thread/WARN]: Unable to play unknown soundEvent: minecraft:step.grass
[21:58:04] [Client thread/WARN]: Unable to play unknown soundEvent: minecraft:step.grass
[21:58:04] [Client thread/WARN]: Unable to play unknown soundEvent: minecraft:step.grass
[21:58:05] [Client thread/WARN]: Unable to play unknown soundEvent: minecraft:step.grass
[21:58:05] [Client thread/WARN]: Unable to play unknown soundEvent: minecraft:step.grass
[21:58:05] [Client thread/WARN]: Unable to play unknown soundEvent: minecraft:step.grass
[21:58:05] [Client thread/WARN]: Unable to play unknown soundEvent: minecraft:step.grass
[21:58:06] [Client thread/WARN]: Unable to play unknown soundEvent: minecraft:step.grass
[21:58:06] [Client thread/WARN]: Unable to play unknown soundEvent: minecraft:step.grass
[21:58:07] [Client thread/WARN]: Unable to play unknown soundEvent: minecraft:step.grass
[21:58:07] [Client thread/WARN]: Unable to play unknown soundEvent: minecraft:random.pop
[21:58:07] [Client thread/WARN]: Unable to play unknown soundEvent: minecraft:step.grass
[21:58:08] [Client thread/WARN]: Unable to play unknown soundEvent: minecraft:mob.cow.say
[21:58:08] [Client thread/WARN]: Unable to play unknown soundEvent: minecraft:step.grass
[21:58:08] [Client thread/WARN]: Unable to play unknown soundEvent: minecraft:mob.pig.say
[21:58:08] [Client thread/WARN]: Unable to play unknown soundEvent: minecraft:mob.rabbit.hop
[21:58:08] [Client thread/WARN]: Unable to play unknown soundEvent: minecraft:step.grass
[21:58:08] [Client thread/WARN]: Unable to play unknown soundEvent: minecraft:mob.pig.say
[21:58:08] [Client thread/WARN]: Unable to play unknown soundEvent: minecraft:step.grass
[21:58:08] [Client thread/WARN]: Unable to play unknown soundEvent: minecraft:step.grass
[21:58:08] [Client thread/WARN]: Unable to play unknown soundEvent: minecraft:mob.rabbit.hop
[21:58:08] [Client thread/WARN]: Unable to play unknown soundEvent: minecraft:mob.cow.hurt
[21:58:08] [Client thread/WARN]: Unable to play unknown soundEvent: minecraft:step.grass
[21:58:08] [Client thread/WARN]: Unable to play unknown soundEvent: minecraft:mob.pig.say
[21:58:08] [Client thread/WARN]: Unable to play unknown soundEvent: minecraft:mob.cow.hurt
[21:58:09] [Client thread/WARN]: Unable to play unknown soundEvent: minecraft:mob.rabbit.hop
[21:58:09] [Client thread/WARN]: Unable to play unknown soundEvent: minecraft:mob.cow.step
[21:58:09] [Client thread/WARN]: Unable to play unknown soundEvent: minecraft:mob.rabbit.hop
[21:58:09] [Client thread/WARN]: Unable to play unknown soundEvent: minecraft:mob.rabbit.hop
[21:58:09] [Client thread/WARN]: Unable to play unknown soundEvent: minecraft:step.grass
[21:58:09] [Client thread/WARN]: Unable to play unknown soundEvent: minecraft:mob.pig.say
[21:58:09] [Client thread/WARN]: Unable to play unknown soundEvent: minecraft:mob.rabbit.hop
[21:58:09] [Client thread/WARN]: Unable to play unknown soundEvent: minecraft:mob.rabbit.hop
[21:58:09] [Client thread/WARN]: Unable to play unknown soundEvent: minecraft:mob.rabbit.hop
[21:58:09] [Client thread/WARN]: Unable to play unknown soundEvent: minecraft:mob.rabbit.hop
[21:58:09] [Client thread/WARN]: Unable to play unknown soundEvent: minecraft:mob.rabbit.hop
[21:58:09] [Client thread/WARN]: Unable to play unknown soundEvent: minecraft:mob.rabbit.hop
[21:58:09] [Client thread/WARN]: Unable to play unknown soundEvent: minecraft:mob.rabbit.hop
[21:58:09] [Client thread/WARN]: Unable to play unknown soundEvent: minecraft:mob.cow.step
[21:58:09] [Client thread/WARN]: Unable to play unknown soundEvent: minecraft:mob.rabbit.hop
[21:58:09] [Client thread/WARN]: Unable to play unknown soundEvent: minecraft:mob.cow.step
[21:58:09] [Client thread/WARN]: Unable to play unknown soundEvent: minecraft:step.grass
[21:58:09] [Client thread/WARN]: Unable to play unknown soundEvent: minecraft:mob.rabbit.hop
[21:58:09] [Client thread/WARN]: Unable to play unknown soundEvent: minecraft:mob.pig.step
[21:58:09] [Client thread/WARN]: Unable to play unknown soundEvent: minecraft:mob.cow.hurt
[21:58:09] [Client thread/WARN]: Unable to play unknown soundEvent: minecraft:mob.cow.step
[21:58:09] [Client thread/WARN]: Unable to play unknown soundEvent: minecraft:mob.rabbit.hop
[21:58:09] [Client thread/WARN]: Unable to play unknown soundEvent: minecraft:step.grass
[21:58:09] [Client thread/WARN]: Unable to play unknown soundEvent: minecraft:step.grass
[21:58:09] [Client thread/WARN]: Unable to play unknown soundEvent: minecraft:mob.rabbit.hop
[21:58:10] [Client thread/WARN]: Unable to play unknown soundEvent: minecraft:mob.cow.step
[21:58:10] [Client thread/WARN]: Unable to play unknown soundEvent: minecraft:mob.rabbit.hop
[21:58:10] [Client thread/WARN]: Unable to play unknown soundEvent: minecraft:mob.rabbit.hop
[21:58:10] [Client thread/WARN]: Unable to play unknown soundEvent: minecraft:step.grass
[21:58:10] [Client thread/WARN]: Unable to play unknown soundEvent: minecraft:mob.pig.step
[21:58:10] [Client thread/WARN]: Unable to play unknown soundEvent: minecraft:mob.cow.step
[21:58:10] [Client thread/WARN]: Unable to play unknown soundEvent: minecraft:mob.rabbit.hop
[21:58:10] [Client thread/WARN]: Unable to play unknown soundEvent: minecraft:mob.rabbit.hop
[21:58:10] [Client thread/WARN]: Unable to play unknown soundEvent: minecraft:mob.cow.step
[21:58:10] [Client thread/WARN]: Unable to play unknown soundEvent: minecraft:mob.rabbit.hop
[21:58:10] [Client thread/WARN]: Unable to play unknown soundEvent: minecraft:step.grass
[21:58:10] [Client thread/WARN]: Unable to play unknown soundEvent: minecraft:mob.rabbit.hop
[21:58:10] [Client thread/WARN]: Unable to play unknown soundEvent: minecraft:mob.rabbit.hop
[21:58:10] [Client thread/WARN]: Unable to play unknown soundEvent: minecraft:mob.rabbit.hop
[21:58:10] [Client thread/WARN]: Unable to play unknown soundEvent: minecraft:mob.rabbit.hop
[21:58:10] [Client thread/WARN]: Unable to play unknown soundEvent: minecraft:mob.pig.step
[21:58:10] [Client thread/WARN]: Unable to play unknown soundEvent: minecraft:mob.rabbit.hop
[21:58:10] [Client thread/WARN]: Unable to play unknown soundEvent: minecraft:mob.rabbit.hop
[21:58:10] [Client thread/WARN]: Unable to play unknown soundEvent: minecraft:mob.cow.step
[21:58:10] [Client thread/WARN]: Unable to play unknown soundEvent: minecraft:mob.rabbit.hop
[21:58:10] [Client thread/WARN]: Unable to play unknown soundEvent: minecraft:mob.rabbit.hop
[21:58:10] [Client thread/WARN]: Unable to play unknown soundEvent: minecraft:mob.rabbit.hop
[21:58:10] [Client thread/WARN]: Unable to play unknown soundEvent: minecraft:mob.rabbit.hop
[21:58:10] [Client thread/WARN]: Unable to play unknown soundEvent: minecraft:mob.rabbit.hop
[21:58:10] [Client thread/WARN]: Unable to play unknown soundEvent: minecraft:mob.pig.step
[21:58:10] [Client thread/WARN]: Unable to play unknown soundEvent: minecraft:mob.rabbit.hop
[21:58:10] [Client thread/WARN]: Unable to play unknown soundEvent: minecraft:mob.cow.step
[21:58:10] [Client thread/WARN]: Unable to play unknown soundEvent: minecraft:step.grass
[21:58:10] [Client thread/WARN]: Unable to play unknown soundEvent: minecraft:mob.rabbit.idle
[21:58:10] [Client thread/WARN]: Unable to play unknown soundEvent: minecraft:mob.cow.step
[21:58:10] [Client thread/WARN]: Unable to play unknown soundEvent: minecraft:step.grass
[21:58:10] [Client thread/WARN]: Unable to play unknown soundEvent: minecraft:mob.cow.step
[21:58:10] [Client thread/WARN]: Unable to play unknown soundEvent: minecraft:mob.rabbit.hop
[21:58:10] [Client thread/WARN]: Unable to play unknown soundEvent: minecraft:mob.pig.step
[21:58:10] [Client thread/WARN]: Unable to play unknown soundEvent: minecraft:mob.rabbit.hop
[21:58:10] [Client thread/WARN]: Unable to play unknown soundEvent: minecraft:mob.pig.step
[21:58:10] [Client thread/WARN]: Unable to play unknown soundEvent: minecraft:mob.rabbit.hop
[21:58:10] [Client thread/WARN]: Unable to play unknown soundEvent: minecraft:mob.cow.step
[21:58:10] [Client thread/WARN]: Unable to play unknown soundEvent: minecraft:mob.cow.step
[21:58:10] [Client thread/WARN]: Unable to play unknown soundEvent: minecraft:mob.rabbit.hop
[21:58:11] [Client thread/WARN]: Unable to play unknown soundEvent: minecraft:mob.rabbit.idle
[21:58:11] [Client thread/WARN]: Unable to play unknown soundEvent: minecraft:mob.rabbit.hurt
[21:58:11] [Client thread/WARN]: Unable to play unknown soundEvent: minecraft:step.grass
[21:58:11] [Client thread/WARN]: Unable to play unknown soundEvent: minecraft:mob.cow.step
[21:58:11] [Client thread/WARN]: Unable to play unknown soundEvent: minecraft:step.grass
[21:58:11] [Client thread/WARN]: Unable to play unknown soundEvent: minecraft:mob.pig.step
[21:58:11] [Client thread/WARN]: Unable to play unknown soundEvent: minecraft:step.grass
[21:58:11] [Client thread/WARN]: Unable to play unknown soundEvent: minecraft:mob.rabbit.hop
[21:58:11] [Client thread/WARN]: Unable to play unknown soundEvent: minecraft:mob.pig.step
[21:58:11] [Client thread/WARN]: Unable to play unknown soundEvent: minecraft:mob.cow.step
[21:58:11] [Client thread/WARN]: Unable to play unknown soundEvent: minecraft:step.grass
[21:58:11] [Client thread/WARN]: Unable to play unknown soundEvent: minecraft:step.grass
[21:58:11] [Client thread/WARN]: Unable to play unknown soundEvent: minecraft:step.grass
[21:58:11] [Client thread/WARN]: Unable to play unknown soundEvent: minecraft:mob.rabbit.hurt
[21:58:11] [Client thread/WARN]: Unable to play unknown soundEvent: minecraft:mob.pig.step
[21:58:11] [Client thread/WARN]: Unable to play unknown soundEvent: minecraft:mob.cow.step
[21:58:11] [Client thread/WARN]: Unable to play unknown soundEvent: minecraft:mob.rabbit.idle
[21:58:11] [Client thread/WARN]: Unable to play unknown soundEvent: minecraft:mob.cow.step
[21:58:11] [Client thread/WARN]: Unable to play unknown soundEvent: minecraft:mob.rabbit.hop
[21:58:12] [Client thread/WARN]: Unable to play unknown soundEvent: minecraft:step.grass
[21:58:12] [Client thread/WARN]: Unable to play unknown soundEvent: minecraft:mob.pig.step
[21:58:12] [Client thread/WARN]: Unable to play unknown soundEvent: minecraft:step.grass
[21:58:12] [Client thread/WARN]: Unable to play unknown soundEvent: minecraft:mob.rabbit.hurt
[21:58:12] [Client thread/WARN]: Unable to play unknown soundEvent: minecraft:mob.pig.step
[21:58:12] [Client thread/WARN]: Unable to play unknown soundEvent: minecraft:mob.rabbit.hop
[21:58:12] [Client thread/WARN]: Unable to play unknown soundEvent: minecraft:step.grass
[21:58:12] [Client thread/WARN]: Unable to play unknown soundEvent: minecraft:mob.rabbit.hop
[21:58:12] [Client thread/WARN]: Unable to play unknown soundEvent: minecraft:step.grass
[21:58:12] [Client thread/INFO]: Stopping!
[21:58:12] [Client thread/INFO]: SoundSystem shutting down...
[21:58:13] [Client thread/WARN]: Author: Paul Lamb, www.paulscode.com
